<?xml version="1.0" encoding="UTF-8"?>
<!-- Generated by org.testng.reporters.JUnitReportReporter -->
<testsuite skipped="0" hostname="Ilija" name="tests.ProbniTest" tests="1" failures="0" timestamp="2021-08-30T21:16:55 CEST" time="48.012" errors="0">
  <testcase name="proba" time="48.012" classname="tests.ProbniTest"/>
  <system-out/>
</testsuite> <!-- tests.ProbniTest -->
