<?xml version="1.0" encoding="UTF-8"?>
<!-- Generated by org.testng.reporters.JUnitReportReporter -->
<testsuite skipped="0" hostname="Ilija" name="tests.MainTest" tests="1" failures="0" timestamp="2021-08-31T16:26:36 CEST" time="225.543" errors="0">
  <testcase name="addToCart" time="225.543" classname="tests.MainTest"/>
  <system-out/>
</testsuite> <!-- tests.MainTest -->
